2020-11-12 23:33:09,536 INFO c.e.EmsMybatisBackendApplication [restartedMain] Starting EmsMybatisBackendApplication on DESKTOP-UHIET7F with PID 4148 (D:\Workspace\Springboot Workspace\employee-management-application-mybatis\ems-mybatis-backend\target\classes started by lohzg in D:\Workspace\Springboot Workspace\employee-management-application-mybatis\ems-mybatis-backend)
2020-11-12 23:33:09,542 INFO c.e.EmsMybatisBackendApplication [restartedMain] No active profile set, falling back to default profiles: default
2020-11-12 23:33:09,585 INFO o.s.b.d.e.DevToolsPropertyDefaultsPostProcessor [restartedMain] Devtools property defaults active! Set 'spring.devtools.add-properties' to 'false' to disable
2020-11-12 23:33:09,585 INFO o.s.b.d.e.DevToolsPropertyDefaultsPostProcessor [restartedMain] For additional web related logging consider setting the 'logging.level.web' property to 'DEBUG'
2020-11-12 23:33:10,466 INFO o.s.b.w.e.t.TomcatWebServer [restartedMain] Tomcat initialized with port(s): 8080 (http)
2020-11-12 23:33:10,472 INFO o.a.c.h.Http11NioProtocol [restartedMain] Initializing ProtocolHandler ["http-nio-8080"]
2020-11-12 23:33:10,472 INFO o.a.c.c.StandardService [restartedMain] Starting service [Tomcat]
2020-11-12 23:33:10,473 INFO o.a.c.c.StandardEngine [restartedMain] Starting Servlet engine: [Apache Tomcat/9.0.39]
2020-11-12 23:33:10,529 INFO o.a.c.c.C.[.[.[/] [restartedMain] Initializing Spring embedded WebApplicationContext
2020-11-12 23:33:10,529 INFO o.s.b.w.s.c.ServletWebServerApplicationContext [restartedMain] Root WebApplicationContext: initialization completed in 943 ms
2020-11-12 23:33:10,842 INFO o.s.s.c.ThreadPoolTaskExecutor [restartedMain] Initializing ExecutorService 'applicationTaskExecutor'
2020-11-12 23:33:10,970 INFO o.s.b.d.a.OptionalLiveReloadServer [restartedMain] LiveReload server is running on port 35729
2020-11-12 23:33:10,982 INFO o.a.c.h.Http11NioProtocol [restartedMain] Starting ProtocolHandler ["http-nio-8080"]
2020-11-12 23:33:11,029 INFO o.s.b.w.e.t.TomcatWebServer [restartedMain] Tomcat started on port(s): 8080 (http) with context path ''
2020-11-12 23:33:11,038 INFO c.e.EmsMybatisBackendApplication [restartedMain] Started EmsMybatisBackendApplication in 1.743 seconds (JVM running for 2.521)
2020-11-12 23:33:11,039 INFO c.e.EmsMybatisBackendApplication [restartedMain] Info log
2020-11-12 23:33:11,039 WARN c.e.EmsMybatisBackendApplication [restartedMain] Hey, This is a warning!
2020-11-12 23:33:11,039 ERROR c.e.EmsMybatisBackendApplication [restartedMain] Oops! We have an Error. OK
2020-11-12 23:33:23,039 INFO c.e.EmsMybatisBackendApplication [restartedMain] Starting EmsMybatisBackendApplication on DESKTOP-UHIET7F with PID 8940 (D:\Workspace\Springboot Workspace\employee-management-application-mybatis\ems-mybatis-backend\target\classes started by lohzg in D:\Workspace\Springboot Workspace\employee-management-application-mybatis\ems-mybatis-backend)
2020-11-12 23:33:23,046 INFO c.e.EmsMybatisBackendApplication [restartedMain] No active profile set, falling back to default profiles: default
2020-11-12 23:33:23,086 INFO o.s.b.d.e.DevToolsPropertyDefaultsPostProcessor [restartedMain] Devtools property defaults active! Set 'spring.devtools.add-properties' to 'false' to disable
2020-11-12 23:33:23,087 INFO o.s.b.d.e.DevToolsPropertyDefaultsPostProcessor [restartedMain] For additional web related logging consider setting the 'logging.level.web' property to 'DEBUG'
2020-11-12 23:33:23,738 INFO o.s.b.w.e.t.TomcatWebServer [restartedMain] Tomcat initialized with port(s): 8080 (http)
2020-11-12 23:33:23,743 INFO o.a.c.h.Http11NioProtocol [restartedMain] Initializing ProtocolHandler ["http-nio-8080"]
2020-11-12 23:33:23,743 INFO o.a.c.c.StandardService [restartedMain] Starting service [Tomcat]
2020-11-12 23:33:23,743 INFO o.a.c.c.StandardEngine [restartedMain] Starting Servlet engine: [Apache Tomcat/9.0.39]
2020-11-12 23:33:23,793 INFO o.a.c.c.C.[.[.[/] [restartedMain] Initializing Spring embedded WebApplicationContext
2020-11-12 23:33:23,793 INFO o.s.b.w.s.c.ServletWebServerApplicationContext [restartedMain] Root WebApplicationContext: initialization completed in 706 ms
2020-11-12 23:33:24,030 INFO o.s.s.c.ThreadPoolTaskExecutor [restartedMain] Initializing ExecutorService 'applicationTaskExecutor'
2020-11-12 23:33:24,160 INFO o.s.b.d.a.OptionalLiveReloadServer [restartedMain] LiveReload server is running on port 35729
2020-11-12 23:33:24,175 INFO o.a.c.h.Http11NioProtocol [restartedMain] Starting ProtocolHandler ["http-nio-8080"]
2020-11-12 23:33:24,233 INFO o.s.b.w.e.t.TomcatWebServer [restartedMain] Tomcat started on port(s): 8080 (http) with context path ''
2020-11-12 23:33:24,245 INFO c.e.EmsMybatisBackendApplication [restartedMain] Started EmsMybatisBackendApplication in 1.462 seconds (JVM running for 2.28)
2020-11-12 23:33:24,248 INFO c.e.EmsMybatisBackendApplication [restartedMain] Info log
2020-11-12 23:33:24,248 WARN c.e.EmsMybatisBackendApplication [restartedMain] Hey, This is a warning!
2020-11-12 23:33:24,248 ERROR c.e.EmsMybatisBackendApplication [restartedMain] Oops! We have an Error. OK
2020-11-12 23:33:49,577 INFO o.a.c.c.C.[.[.[/] [http-nio-8080-exec-1] Initializing Spring DispatcherServlet 'dispatcherServlet'
2020-11-12 23:33:49,577 INFO o.s.w.s.DispatcherServlet [http-nio-8080-exec-1] Initializing Servlet 'dispatcherServlet'
2020-11-12 23:33:49,581 INFO o.s.w.s.DispatcherServlet [http-nio-8080-exec-1] Completed initialization in 4 ms
2020-11-12 23:33:49,594 INFO c.e.r.EmployeesResource [http-nio-8080-exec-1] Get All Employees
2020-11-12 23:33:49,604 INFO c.z.h.HikariDataSource [http-nio-8080-exec-1] HikariPool-1 - Starting...
2020-11-12 23:33:49,711 INFO c.z.h.HikariDataSource [http-nio-8080-exec-1] HikariPool-1 - Start completed.
2020-11-12 23:35:26,932 INFO c.e.EmsMybatisBackendApplication [restartedMain] Starting EmsMybatisBackendApplication on DESKTOP-UHIET7F with PID 6132 (D:\Workspace\Springboot Workspace\employee-management-application-mybatis\ems-mybatis-backend\target\classes started by lohzg in D:\Workspace\Springboot Workspace\employee-management-application-mybatis\ems-mybatis-backend)
2020-11-12 23:35:26,939 INFO c.e.EmsMybatisBackendApplication [restartedMain] No active profile set, falling back to default profiles: default
2020-11-12 23:35:26,980 INFO o.s.b.d.e.DevToolsPropertyDefaultsPostProcessor [restartedMain] Devtools property defaults active! Set 'spring.devtools.add-properties' to 'false' to disable
2020-11-12 23:35:26,980 INFO o.s.b.d.e.DevToolsPropertyDefaultsPostProcessor [restartedMain] For additional web related logging consider setting the 'logging.level.web' property to 'DEBUG'
2020-11-12 23:35:27,635 INFO o.s.b.w.e.t.TomcatWebServer [restartedMain] Tomcat initialized with port(s): 8080 (http)
2020-11-12 23:35:27,641 INFO o.a.c.h.Http11NioProtocol [restartedMain] Initializing ProtocolHandler ["http-nio-8080"]
2020-11-12 23:35:27,641 INFO o.a.c.c.StandardService [restartedMain] Starting service [Tomcat]
2020-11-12 23:35:27,641 INFO o.a.c.c.StandardEngine [restartedMain] Starting Servlet engine: [Apache Tomcat/9.0.39]
2020-11-12 23:35:27,694 INFO o.a.c.c.C.[.[.[/] [restartedMain] Initializing Spring embedded WebApplicationContext
2020-11-12 23:35:27,694 INFO o.s.b.w.s.c.ServletWebServerApplicationContext [restartedMain] Root WebApplicationContext: initialization completed in 713 ms
2020-11-12 23:35:27,928 INFO o.s.s.c.ThreadPoolTaskExecutor [restartedMain] Initializing ExecutorService 'applicationTaskExecutor'
2020-11-12 23:35:28,037 INFO o.s.b.d.a.OptionalLiveReloadServer [restartedMain] LiveReload server is running on port 35729
2020-11-12 23:35:28,050 INFO o.a.c.h.Http11NioProtocol [restartedMain] Starting ProtocolHandler ["http-nio-8080"]
2020-11-12 23:35:28,097 INFO o.s.b.w.e.t.TomcatWebServer [restartedMain] Tomcat started on port(s): 8080 (http) with context path ''
2020-11-12 23:35:28,110 INFO c.e.EmsMybatisBackendApplication [restartedMain] Started EmsMybatisBackendApplication in 1.408 seconds (JVM running for 2.168)
2020-11-12 23:35:28,113 INFO c.e.EmsMybatisBackendApplication [restartedMain] Info log
2020-11-12 23:35:28,113 WARN c.e.EmsMybatisBackendApplication [restartedMain] Hey, This is a warning!
2020-11-12 23:35:28,113 ERROR c.e.EmsMybatisBackendApplication [restartedMain] Oops! We have an Error. OK
2020-11-12 23:57:13,889 INFO o.s.s.c.ThreadPoolTaskExecutor [Thread-5] Shutting down ExecutorService 'applicationTaskExecutor'
